  AssetLoader.cpp
  Game.cpp
  Main.cpp
  Math.cpp
  Random.cpp
  Renderer.cpp
C:\Users\andres\Development\100 Dungeons\1dungeon\Renderer.cpp(99,53): warning C4267: 'argument': conversion from 'size_t' to 'GLsizei', possible loss of data
C:\Users\andres\Development\100 Dungeons\1dungeon\Renderer.cpp(103,53): warning C4267: 'argument': conversion from 'size_t' to 'GLsizei', possible loss of data
C:\Users\andres\Development\100 Dungeons\1dungeon\Renderer.cpp(107,53): warning C4267: 'argument': conversion from 'size_t' to 'GLsizei', possible loss of data
C:\Users\andres\Development\100 Dungeons\1dungeon\Renderer.cpp(111,53): warning C4267: 'argument': conversion from 'size_t' to 'GLsizei', possible loss of data
C:\Users\andres\Development\100 Dungeons\1dungeon\Renderer.cpp(115,53): warning C4267: 'argument': conversion from 'size_t' to 'GLsizei', possible loss of data
C:\Users\andres\Development\100 Dungeons\1dungeon\Renderer.cpp(119,42): warning C4267: 'argument': conversion from 'size_t' to 'GLsizei', possible loss of data
C:\Users\andres\Development\100 Dungeons\1dungeon\Renderer.cpp(123,53): warning C4267: 'argument': conversion from 'size_t' to 'GLsizei', possible loss of data
C:\Users\andres\Development\100 Dungeons\1dungeon\Renderer.cpp(148,54): warning C4267: 'argument': conversion from 'size_t' to 'GLsizei', possible loss of data
C:\Users\andres\Development\100 Dungeons\1dungeon\Renderer.cpp(150,54): warning C4267: 'argument': conversion from 'size_t' to 'GLsizei', possible loss of data
C:\Users\andres\Development\100 Dungeons\1dungeon\Renderer.cpp(153,54): warning C4267: 'argument': conversion from 'size_t' to 'GLsizei', possible loss of data
C:\Users\andres\Development\100 Dungeons\1dungeon\Renderer.cpp(313,34): warning C4267: 'argument': conversion from 'size_t' to 'GLsizei', possible loss of data
  Systems.cpp
  Generating Code...
  Game.vcxproj -> C:\Users\andres\Development\100 Dungeons\1dungeon\x64\Debug\Game.exe
