.\build.exe : C:\Users\andres\development\100-Dungeons\dungeon1\src\engine\\componets.gen.cpp:45:1: warning: non-void function does not r
eturn a value in all control paths [-Wreturn-type]
発生場所 行:1 文字:1
+ .\build.exe --engine 2>&1 | Out-File -FilePath build.log -Encoding ut ...
+ ~~~~~~~~~~~~~~~~~~~~~~~~~
    + CategoryInfo          : NotSpecified: (C:\Users\andres...[-Wreturn-type]:String) [], RemoteException
    + FullyQualifiedErrorId : NativeCommandError
 
   45 | }
      | ^
1 warning generated.
C:\Users\andres\development\100-Dungeons\dungeon1\src\engine\\physics.cpp:68:31: error: no member named 'linearDamping' in 'RigidBody'
   68 |     velocity.linear *= pow(rb.linearDamping, (float)g->deltaTime);
      |                            ~~ ^
C:\Users\andres\development\100-Dungeons\dungeon1\src\engine\\physics.cpp:75:32: error: no member named 'angularDamping' in 'RigidBody'
   75 |     velocity.angular *= pow(rb.angularDamping, g->deltaTime);
      |                             ~~ ^
C:\Users\andres\development\100-Dungeons\dungeon1\src\engine\\physics.cpp:81:5: error: no matching function for call to 'set_component'
   81 |     set_component(h->components, entity, pos);
      |     ^~~~~~~~~~~~~
C:\Users\andres\development\100-Dungeons\dungeon1\src\engine\components.gen.h:248:6: note: candidate function not viable: no known conver
sion from 'Position' to 'Position *' for 3rd argument; take the address of the argument with &
  248 | bool set_component(Components *h, size_t entity_id, Position *component);
      |      ^                                              ~~~~~~~~~~~~~~~~~~~
C:\Users\andres\development\100-Dungeons\dungeon1\src\engine\components.gen.h:249:6: note: candidate function not viable: no known conver
sion from 'Position' to 'Rotation *' for 3rd argument
  249 | bool set_component(Components *h, size_t entity_id, Rotation *component);
      |      ^                                              ~~~~~~~~~~~~~~~~~~~
C:\Users\andres\development\100-Dungeons\dungeon1\src\engine\components.gen.h:250:6: note: candidate function not viable: no known conver
sion from 'Position' to 'Color *' for 3rd argument
  250 | bool set_component(Components *h, size_t entity_id, Color *component);
      |      ^                                              ~~~~~~~~~~~~~~~~
C:\Users\andres\development\100-Dungeons\dungeon1\src\engine\components.gen.h:251:6: note: candidate function not viable: no known conver
sion from 'Position' to 'Camera *' for 3rd argument
  251 | bool set_component(Components *h, size_t entity_id, Camera *component);
      |      ^                                              ~~~~~~~~~~~~~~~~~
C:\Users\andres\development\100-Dungeons\dungeon1\src\engine\components.gen.h:252:6: note: candidate function not viable: no known conver
sion from 'Position' to 'Model *' for 3rd argument
  252 | bool set_component(Components *h, size_t entity_id, Model *component);
      |      ^                                              ~~~~~~~~~~~~~~~~
C:\Users\andres\development\100-Dungeons\dungeon1\src\engine\components.gen.h:253:6: note: candidate function not viable: no known conver
sion from 'Position' to 'Material *' for 3rd argument
  253 | bool set_component(Components *h, size_t entity_id, Material *component);
      |      ^                                              ~~~~~~~~~~~~~~~~~~~
C:\Users\andres\development\100-Dungeons\dungeon1\src\engine\components.gen.h:254:6: note: candidate function not viable: no known conver
sion from 'Position' to 'Input *' for 3rd argument
  254 | bool set_component(Components *h, size_t entity_id, Input *component);
      |      ^                                              ~~~~~~~~~~~~~~~~
C:\Users\andres\development\100-Dungeons\dungeon1\src\engine\components.gen.h:255:6: note: candidate function not viable: no known conver
sion from 'Position' to 'Velocity *' for 3rd argument
  255 | bool set_component(Components *h, size_t entity_id, Velocity *component);
      |      ^                                              ~~~~~~~~~~~~~~~~~~~
C:\Users\andres\development\100-Dungeons\dungeon1\src\engine\components.gen.h:256:6: note: candidate function not viable: no known conver
sion from 'Position' to 'ForceAccumulator *' for 3rd argument
  256 | bool set_component(Components *h, size_t entity_id, ForceAccumulator *component);
      |      ^                                              ~~~~~~~~~~~~~~~~~~~~~~~~~~~
C:\Users\andres\development\100-Dungeons\dungeon1\src\engine\components.gen.h:257:6: note: candidate function not viable: no known conver
sion from 'Position' to 'RigidBody *' for 3rd argument
  257 | bool set_component(Components *h, size_t entity_id, RigidBody *component);
      |      ^                                              ~~~~~~~~~~~~~~~~~~~~
C:\Users\andres\development\100-Dungeons\dungeon1\src\engine\components.gen.h:258:6: note: candidate function not viable: no known conver
sion from 'Position' to 'Collider *' for 3rd argument
  258 | bool set_component(Components *h, size_t entity_id, Collider *component);
      |      ^                                              ~~~~~~~~~~~~~~~~~~~
C:\Users\andres\development\100-Dungeons\dungeon1\src\engine\components.gen.h:259:6: note: candidate function not viable: no known conver
sion from 'Position' to 'Texture *' for 3rd argument
  259 | bool set_component(Components *h, size_t entity_id, Texture *component);
      |      ^                                              ~~~~~~~~~~~~~~~~~~
C:\Users\andres\development\100-Dungeons\dungeon1\src\engine\components.gen.h:260:6: note: candidate function not viable: no known conver
sion from 'Position' to 'Mass *' for 3rd argument
  260 | bool set_component(Components *h, size_t entity_id, Mass *component);
      |      ^                                              ~~~~~~~~~~~~~~~
C:\Users\andres\development\100-Dungeons\dungeon1\src\engine\components.gen.h:261:6: note: candidate function not viable: no known conver
sion from 'Position' to 'Gravity *' for 3rd argument
  261 | bool set_component(Components *h, size_t entity_id, Gravity *component);
      |      ^                                              ~~~~~~~~~~~~~~~~~~
C:\Users\andres\development\100-Dungeons\dungeon1\src\engine\\physics.cpp:97:5: error: no matching function for call to 'set_component'
   97 |     set_component(h->components, entity, rot);
      |     ^~~~~~~~~~~~~
C:\Users\andres\development\100-Dungeons\dungeon1\src\engine\components.gen.h:249:6: note: candidate function not viable: no known conver
sion from 'Rotation' to 'Rotation *' for 3rd argument; take the address of the argument with &
  249 | bool set_component(Components *h, size_t entity_id, Rotation *component);
      |      ^                                              ~~~~~~~~~~~~~~~~~~~
C:\Users\andres\development\100-Dungeons\dungeon1\src\engine\components.gen.h:248:6: note: candidate function not viable: no known conver
sion from 'Rotation' to 'Position *' for 3rd argument
  248 | bool set_component(Components *h, size_t entity_id, Position *component);
      |      ^                                              ~~~~~~~~~~~~~~~~~~~
C:\Users\andres\development\100-Dungeons\dungeon1\src\engine\components.gen.h:250:6: note: candidate function not viable: no known conver
sion from 'Rotation' to 'Color *' for 3rd argument
  250 | bool set_component(Components *h, size_t entity_id, Color *component);
      |      ^                                              ~~~~~~~~~~~~~~~~
C:\Users\andres\development\100-Dungeons\dungeon1\src\engine\components.gen.h:251:6: note: candidate function not viable: no known conver
sion from 'Rotation' to 'Camera *' for 3rd argument
  251 | bool set_component(Components *h, size_t entity_id, Camera *component);
      |      ^                                              ~~~~~~~~~~~~~~~~~
C:\Users\andres\development\100-Dungeons\dungeon1\src\engine\components.gen.h:252:6: note: candidate function not viable: no known conver
sion from 'Rotation' to 'Model *' for 3rd argument
  252 | bool set_component(Components *h, size_t entity_id, Model *component);
      |      ^                                              ~~~~~~~~~~~~~~~~
C:\Users\andres\development\100-Dungeons\dungeon1\src\engine\components.gen.h:253:6: note: candidate function not viable: no known conver
sion from 'Rotation' to 'Material *' for 3rd argument
  253 | bool set_component(Components *h, size_t entity_id, Material *component);
      |      ^                                              ~~~~~~~~~~~~~~~~~~~
C:\Users\andres\development\100-Dungeons\dungeon1\src\engine\components.gen.h:254:6: note: candidate function not viable: no known conver
sion from 'Rotation' to 'Input *' for 3rd argument
  254 | bool set_component(Components *h, size_t entity_id, Input *component);
      |      ^                                              ~~~~~~~~~~~~~~~~
C:\Users\andres\development\100-Dungeons\dungeon1\src\engine\components.gen.h:255:6: note: candidate function not viable: no known conver
sion from 'Rotation' to 'Velocity *' for 3rd argument
  255 | bool set_component(Components *h, size_t entity_id, Velocity *component);
      |      ^                                              ~~~~~~~~~~~~~~~~~~~
C:\Users\andres\development\100-Dungeons\dungeon1\src\engine\components.gen.h:256:6: note: candidate function not viable: no known conver
sion from 'Rotation' to 'ForceAccumulator *' for 3rd argument
  256 | bool set_component(Components *h, size_t entity_id, ForceAccumulator *component);
      |      ^                                              ~~~~~~~~~~~~~~~~~~~~~~~~~~~
C:\Users\andres\development\100-Dungeons\dungeon1\src\engine\components.gen.h:257:6: note: candidate function not viable: no known conver
sion from 'Rotation' to 'RigidBody *' for 3rd argument
  257 | bool set_component(Components *h, size_t entity_id, RigidBody *component);
      |      ^                                              ~~~~~~~~~~~~~~~~~~~~
C:\Users\andres\development\100-Dungeons\dungeon1\src\engine\components.gen.h:258:6: note: candidate function not viable: no known conver
sion from 'Rotation' to 'Collider *' for 3rd argument
  258 | bool set_component(Components *h, size_t entity_id, Collider *component);
      |      ^                                              ~~~~~~~~~~~~~~~~~~~
C:\Users\andres\development\100-Dungeons\dungeon1\src\engine\components.gen.h:259:6: note: candidate function not viable: no known conver
sion from 'Rotation' to 'Texture *' for 3rd argument
  259 | bool set_component(Components *h, size_t entity_id, Texture *component);
      |      ^                                              ~~~~~~~~~~~~~~~~~~
C:\Users\andres\development\100-Dungeons\dungeon1\src\engine\components.gen.h:260:6: note: candidate function not viable: no known conver
sion from 'Rotation' to 'Mass *' for 3rd argument
  260 | bool set_component(Components *h, size_t entity_id, Mass *component);
      |      ^                                              ~~~~~~~~~~~~~~~
C:\Users\andres\development\100-Dungeons\dungeon1\src\engine\components.gen.h:261:6: note: candidate function not viable: no known conver
sion from 'Rotation' to 'Gravity *' for 3rd argument
  261 | bool set_component(Components *h, size_t entity_id, Gravity *component);
      |      ^                                              ~~~~~~~~~~~~~~~~~~
C:\Users\andres\development\100-Dungeons\dungeon1\src\engine\\physics.cpp:104:5: error: no matching function for call to 'set_component'
  104 |     set_component(h->components, entity, accumulator);
      |     ^~~~~~~~~~~~~
C:\Users\andres\development\100-Dungeons\dungeon1\src\engine\components.gen.h:256:6: note: candidate function not viable: no known conver
sion from 'ForceAccumulator' to 'ForceAccumulator *' for 3rd argument; take the address of the argument with &
  256 | bool set_component(Components *h, size_t entity_id, ForceAccumulator *component);
      |      ^                                              ~~~~~~~~~~~~~~~~~~~~~~~~~~~
C:\Users\andres\development\100-Dungeons\dungeon1\src\engine\components.gen.h:248:6: note: candidate function not viable: no known conver
sion from 'ForceAccumulator' to 'Position *' for 3rd argument
  248 | bool set_component(Components *h, size_t entity_id, Position *component);
      |      ^                                              ~~~~~~~~~~~~~~~~~~~
C:\Users\andres\development\100-Dungeons\dungeon1\src\engine\components.gen.h:249:6: note: candidate function not viable: no known conver
sion from 'ForceAccumulator' to 'Rotation *' for 3rd argument
  249 | bool set_component(Components *h, size_t entity_id, Rotation *component);
      |      ^                                              ~~~~~~~~~~~~~~~~~~~
C:\Users\andres\development\100-Dungeons\dungeon1\src\engine\components.gen.h:250:6: note: candidate function not viable: no known conver
sion from 'ForceAccumulator' to 'Color *' for 3rd argument
  250 | bool set_component(Components *h, size_t entity_id, Color *component);
      |      ^                                              ~~~~~~~~~~~~~~~~
C:\Users\andres\development\100-Dungeons\dungeon1\src\engine\components.gen.h:251:6: note: candidate function not viable: no known conver
sion from 'ForceAccumulator' to 'Camera *' for 3rd argument
  251 | bool set_component(Components *h, size_t entity_id, Camera *component);
      |      ^                                              ~~~~~~~~~~~~~~~~~
C:\Users\andres\development\100-Dungeons\dungeon1\src\engine\components.gen.h:252:6: note: candidate function not viable: no known conver
sion from 'ForceAccumulator' to 'Model *' for 3rd argument
  252 | bool set_component(Components *h, size_t entity_id, Model *component);
      |      ^                                              ~~~~~~~~~~~~~~~~
C:\Users\andres\development\100-Dungeons\dungeon1\src\engine\components.gen.h:253:6: note: candidate function not viable: no known conver
sion from 'ForceAccumulator' to 'Material *' for 3rd argument
  253 | bool set_component(Components *h, size_t entity_id, Material *component);
      |      ^                                              ~~~~~~~~~~~~~~~~~~~
C:\Users\andres\development\100-Dungeons\dungeon1\src\engine\components.gen.h:254:6: note: candidate function not viable: no known conver
sion from 'ForceAccumulator' to 'Input *' for 3rd argument
  254 | bool set_component(Components *h, size_t entity_id, Input *component);
      |      ^                                              ~~~~~~~~~~~~~~~~
C:\Users\andres\development\100-Dungeons\dungeon1\src\engine\components.gen.h:255:6: note: candidate function not viable: no known conver
sion from 'ForceAccumulator' to 'Velocity *' for 3rd argument
  255 | bool set_component(Components *h, size_t entity_id, Velocity *component);
      |      ^                                              ~~~~~~~~~~~~~~~~~~~
C:\Users\andres\development\100-Dungeons\dungeon1\src\engine\components.gen.h:257:6: note: candidate function not viable: no known conver
sion from 'ForceAccumulator' to 'RigidBody *' for 3rd argument
  257 | bool set_component(Components *h, size_t entity_id, RigidBody *component);
      |      ^                                              ~~~~~~~~~~~~~~~~~~~~
C:\Users\andres\development\100-Dungeons\dungeon1\src\engine\components.gen.h:258:6: note: candidate function not viable: no known conver
sion from 'ForceAccumulator' to 'Collider *' for 3rd argument
  258 | bool set_component(Components *h, size_t entity_id, Collider *component);
      |      ^                                              ~~~~~~~~~~~~~~~~~~~
C:\Users\andres\development\100-Dungeons\dungeon1\src\engine\components.gen.h:259:6: note: candidate function not viable: no known conver
sion from 'ForceAccumulator' to 'Texture *' for 3rd argument
  259 | bool set_component(Components *h, size_t entity_id, Texture *component);
      |      ^                                              ~~~~~~~~~~~~~~~~~~
C:\Users\andres\development\100-Dungeons\dungeon1\src\engine\components.gen.h:260:6: note: candidate function not viable: no known conver
sion from 'ForceAccumulator' to 'Mass *' for 3rd argument
  260 | bool set_component(Components *h, size_t entity_id, Mass *component);
      |      ^                                              ~~~~~~~~~~~~~~~
C:\Users\andres\development\100-Dungeons\dungeon1\src\engine\components.gen.h:261:6: note: candidate function not viable: no known conver
sion from 'ForceAccumulator' to 'Gravity *' for 3rd argument
  261 | bool set_component(Components *h, size_t entity_id, Gravity *component);
      |      ^                                              ~~~~~~~~~~~~~~~~~~
C:\Users\andres\development\100-Dungeons\dungeon1\src\engine\\physics.cpp:105:5: error: no matching function for call to 'set_component'
  105 |     set_component(h->components, entity, velocity);
      |     ^~~~~~~~~~~~~
C:\Users\andres\development\100-Dungeons\dungeon1\src\engine\components.gen.h:255:6: note: candidate function not viable: no known conver
sion from 'Velocity' to 'Velocity *' for 3rd argument; take the address of the argument with &
  255 | bool set_component(Components *h, size_t entity_id, Velocity *component);
      |      ^                                              ~~~~~~~~~~~~~~~~~~~
C:\Users\andres\development\100-Dungeons\dungeon1\src\engine\components.gen.h:248:6: note: candidate function not viable: no known conver
sion from 'Velocity' to 'Position *' for 3rd argument
  248 | bool set_component(Components *h, size_t entity_id, Position *component);
      |      ^                                              ~~~~~~~~~~~~~~~~~~~
C:\Users\andres\development\100-Dungeons\dungeon1\src\engine\components.gen.h:249:6: note: candidate function not viable: no known conver
sion from 'Velocity' to 'Rotation *' for 3rd argument
  249 | bool set_component(Components *h, size_t entity_id, Rotation *component);
      |      ^                                              ~~~~~~~~~~~~~~~~~~~
C:\Users\andres\development\100-Dungeons\dungeon1\src\engine\components.gen.h:250:6: note: candidate function not viable: no known conver
sion from 'Velocity' to 'Color *' for 3rd argument
  250 | bool set_component(Components *h, size_t entity_id, Color *component);
      |      ^                                              ~~~~~~~~~~~~~~~~
C:\Users\andres\development\100-Dungeons\dungeon1\src\engine\components.gen.h:251:6: note: candidate function not viable: no known conver
sion from 'Velocity' to 'Camera *' for 3rd argument
  251 | bool set_component(Components *h, size_t entity_id, Camera *component);
      |      ^                                              ~~~~~~~~~~~~~~~~~
C:\Users\andres\development\100-Dungeons\dungeon1\src\engine\components.gen.h:252:6: note: candidate function not viable: no known conver
sion from 'Velocity' to 'Model *' for 3rd argument
  252 | bool set_component(Components *h, size_t entity_id, Model *component);
      |      ^                                              ~~~~~~~~~~~~~~~~
C:\Users\andres\development\100-Dungeons\dungeon1\src\engine\components.gen.h:253:6: note: candidate function not viable: no known conver
sion from 'Velocity' to 'Material *' for 3rd argument
  253 | bool set_component(Components *h, size_t entity_id, Material *component);
      |      ^                                              ~~~~~~~~~~~~~~~~~~~
C:\Users\andres\development\100-Dungeons\dungeon1\src\engine\components.gen.h:254:6: note: candidate function not viable: no known conver
sion from 'Velocity' to 'Input *' for 3rd argument
  254 | bool set_component(Components *h, size_t entity_id, Input *component);
      |      ^                                              ~~~~~~~~~~~~~~~~
C:\Users\andres\development\100-Dungeons\dungeon1\src\engine\components.gen.h:256:6: note: candidate function not viable: no known conver
sion from 'Velocity' to 'ForceAccumulator *' for 3rd argument
  256 | bool set_component(Components *h, size_t entity_id, ForceAccumulator *component);
      |      ^                                              ~~~~~~~~~~~~~~~~~~~~~~~~~~~
C:\Users\andres\development\100-Dungeons\dungeon1\src\engine\components.gen.h:257:6: note: candidate function not viable: no known conver
sion from 'Velocity' to 'RigidBody *' for 3rd argument
  257 | bool set_component(Components *h, size_t entity_id, RigidBody *component);
      |      ^                                              ~~~~~~~~~~~~~~~~~~~~
C:\Users\andres\development\100-Dungeons\dungeon1\src\engine\components.gen.h:258:6: note: candidate function not viable: no known conver
sion from 'Velocity' to 'Collider *' for 3rd argument
  258 | bool set_component(Components *h, size_t entity_id, Collider *component);
      |      ^                                              ~~~~~~~~~~~~~~~~~~~
C:\Users\andres\development\100-Dungeons\dungeon1\src\engine\components.gen.h:259:6: note: candidate function not viable: no known conver
sion from 'Velocity' to 'Texture *' for 3rd argument
  259 | bool set_component(Components *h, size_t entity_id, Texture *component);
      |      ^                                              ~~~~~~~~~~~~~~~~~~
C:\Users\andres\development\100-Dungeons\dungeon1\src\engine\components.gen.h:260:6: note: candidate function not viable: no known conver
sion from 'Velocity' to 'Mass *' for 3rd argument
  260 | bool set_component(Components *h, size_t entity_id, Mass *component);
      |      ^                                              ~~~~~~~~~~~~~~~
C:\Users\andres\development\100-Dungeons\dungeon1\src\engine\components.gen.h:261:6: note: candidate function not viable: no known conver
sion from 'Velocity' to 'Gravity *' for 3rd argument
  261 | bool set_component(Components *h, size_t entity_id, Gravity *component);
      |      ^                                              ~~~~~~~~~~~~~~~~~~
C:\Users\andres\development\100-Dungeons\dungeon1\src\engine\\physics.cpp:106:5: error: no matching function for call to 'set_component'
  106 |     set_component(h->components, entity, rb);
      |     ^~~~~~~~~~~~~
C:\Users\andres\development\100-Dungeons\dungeon1\src\engine\components.gen.h:257:6: note: candidate function not viable: no known conver
sion from 'RigidBody' to 'RigidBody *' for 3rd argument; take the address of the argument with &
  257 | bool set_component(Components *h, size_t entity_id, RigidBody *component);
      |      ^                                              ~~~~~~~~~~~~~~~~~~~~
C:\Users\andres\development\100-Dungeons\dungeon1\src\engine\components.gen.h:248:6: note: candidate function not viable: no known conver
sion from 'RigidBody' to 'Position *' for 3rd argument
  248 | bool set_component(Components *h, size_t entity_id, Position *component);
      |      ^                                              ~~~~~~~~~~~~~~~~~~~
C:\Users\andres\development\100-Dungeons\dungeon1\src\engine\components.gen.h:249:6: note: candidate function not viable: no known conver
sion from 'RigidBody' to 'Rotation *' for 3rd argument
  249 | bool set_component(Components *h, size_t entity_id, Rotation *component);
      |      ^                                              ~~~~~~~~~~~~~~~~~~~
C:\Users\andres\development\100-Dungeons\dungeon1\src\engine\components.gen.h:250:6: note: candidate function not viable: no known conver
sion from 'RigidBody' to 'Color *' for 3rd argument
  250 | bool set_component(Components *h, size_t entity_id, Color *component);
      |      ^                                              ~~~~~~~~~~~~~~~~
C:\Users\andres\development\100-Dungeons\dungeon1\src\engine\components.gen.h:251:6: note: candidate function not viable: no known conver
sion from 'RigidBody' to 'Camera *' for 3rd argument
  251 | bool set_component(Components *h, size_t entity_id, Camera *component);
      |      ^                                              ~~~~~~~~~~~~~~~~~
C:\Users\andres\development\100-Dungeons\dungeon1\src\engine\components.gen.h:252:6: note: candidate function not viable: no known conver
sion from 'RigidBody' to 'Model *' for 3rd argument
  252 | bool set_component(Components *h, size_t entity_id, Model *component);
      |      ^                                              ~~~~~~~~~~~~~~~~
C:\Users\andres\development\100-Dungeons\dungeon1\src\engine\components.gen.h:253:6: note: candidate function not viable: no known conver
sion from 'RigidBody' to 'Material *' for 3rd argument
  253 | bool set_component(Components *h, size_t entity_id, Material *component);
      |      ^                                              ~~~~~~~~~~~~~~~~~~~
C:\Users\andres\development\100-Dungeons\dungeon1\src\engine\components.gen.h:254:6: note: candidate function not viable: no known conver
sion from 'RigidBody' to 'Input *' for 3rd argument
  254 | bool set_component(Components *h, size_t entity_id, Input *component);
      |      ^                                              ~~~~~~~~~~~~~~~~
C:\Users\andres\development\100-Dungeons\dungeon1\src\engine\components.gen.h:255:6: note: candidate function not viable: no known conver
sion from 'RigidBody' to 'Velocity *' for 3rd argument
  255 | bool set_component(Components *h, size_t entity_id, Velocity *component);
      |      ^                                              ~~~~~~~~~~~~~~~~~~~
C:\Users\andres\development\100-Dungeons\dungeon1\src\engine\components.gen.h:256:6: note: candidate function not viable: no known conver
sion from 'RigidBody' to 'ForceAccumulator *' for 3rd argument
  256 | bool set_component(Components *h, size_t entity_id, ForceAccumulator *component);
      |      ^                                              ~~~~~~~~~~~~~~~~~~~~~~~~~~~
C:\Users\andres\development\100-Dungeons\dungeon1\src\engine\components.gen.h:258:6: note: candidate function not viable: no known conver
sion from 'RigidBody' to 'Collider *' for 3rd argument
  258 | bool set_component(Components *h, size_t entity_id, Collider *component);
      |      ^                                              ~~~~~~~~~~~~~~~~~~~
C:\Users\andres\development\100-Dungeons\dungeon1\src\engine\components.gen.h:259:6: note: candidate function not viable: no known conver
sion from 'RigidBody' to 'Texture *' for 3rd argument
  259 | bool set_component(Components *h, size_t entity_id, Texture *component);
      |      ^                                              ~~~~~~~~~~~~~~~~~~
C:\Users\andres\development\100-Dungeons\dungeon1\src\engine\components.gen.h:260:6: note: candidate function not viable: no known conver
sion from 'RigidBody' to 'Mass *' for 3rd argument
  260 | bool set_component(Components *h, size_t entity_id, Mass *component);
      |      ^                                              ~~~~~~~~~~~~~~~
C:\Users\andres\development\100-Dungeons\dungeon1\src\engine\components.gen.h:261:6: note: candidate function not viable: no known conver
sion from 'RigidBody' to 'Gravity *' for 3rd argument
  261 | bool set_component(Components *h, size_t entity_id, Gravity *component);
      |      ^                                              ~~~~~~~~~~~~~~~~~~
7 errors generated.
C:\Users\andres\development\100-Dungeons\dungeon1\src\engine\\systems.cpp:149:47: error: no member named 'drawsBuffer' in 'Model'
  149 |       glBindBuffer(GL_DRAW_INDIRECT_BUFFER, m.drawsBuffer);
      |                                             ~ ^
C:\Users\andres\development\100-Dungeons\dungeon1\src\engine\\systems.cpp:151:27: error: no member named 'submeshes' in 'Model'
  151 |         auto &submesh = m.submeshes[i];
      |                         ~ ^
2 errors generated.
Setsockopt failed: No error
current working directory: C:\Users\andres\development\100-Dungeons\dungeon1
compilation error
Builder server is starting on port 8080...
